# JRE version: Java(TM) SE Runtime Environment 18.9 (11.0.15+8) (build 11.0.15+8-LTS-149)
# Java VM: Java HotSpot(TM) 64-Bit Server VM 18.9 (11.0.15+8-LTS-149, mixed mode, tiered, compressed oops, g1 gc, windows-amd64)
Heap:
 garbage-first heap   total 262144K, used 71960K [0x00000000c0000000, 0x0000000100000000)
  region size 1024K, 24 young (24576K), 7 survivors (7168K)
 Metaspace       used 36767K, capacity 37793K, committed 38064K, reserved 1081344K
  class space    used 4949K, capacity 5505K, committed 5632K, reserved 1048576K
GC Heap History (10 events):
Event: 2.090 GC heap before
{Heap before GC invocations=1 (full 0):
 garbage-first heap   total 262144K, used 63579K [0x00000000c0000000, 0x0000000100000000)
  region size 1024K, 19 young (19456K), 3 survivors (3072K)
 Metaspace       used 10153K, capacity 10303K, committed 10368K, reserved 1058816K
  class space    used 1064K, capacity 1117K, committed 1152K, reserved 1048576K
}
Event: 2.094 GC heap after
{Heap after GC invocations=2 (full 0):
 garbage-first heap   total 262144K, used 48933K [0x00000000c0000000, 0x0000000100000000)
  region size 1024K, 1 young (1024K), 1 survivors (1024K)
 Metaspace       used 10153K, capacity 10303K, committed 10368K, reserved 1058816K
  class space    used 1064K, capacity 1117K, committed 1152K, reserved 1048576K
}
Event: 4.427 GC heap before
{Heap before GC invocations=2 (full 0):
 garbage-first heap   total 262144K, used 85797K [0x00000000c0000000, 0x0000000100000000)
  region size 1024K, 37 young (37888K), 1 survivors (1024K)
 Metaspace       used 19303K, capacity 19726K, committed 19840K, reserved 1067008K
  class space    used 2488K, capacity 2658K, committed 2688K, reserved 1048576K
}
Event: 4.432 GC heap after
{Heap after GC invocations=3 (full 0):
 garbage-first heap   total 262144K, used 51855K [0x00000000c0000000, 0x0000000100000000)
  region size 1024K, 4 young (4096K), 4 survivors (4096K)
 Metaspace       used 19303K, capacity 19726K, committed 19840K, reserved 1067008K
  class space    used 2488K, capacity 2658K, committed 2688K, reserved 1048576K
}
Event: 5.365 GC heap before
{Heap before GC invocations=3 (full 0):
 garbage-first heap   total 262144K, used 57999K [0x00000000c0000000, 0x0000000100000000)
  region size 1024K, 11 young (11264K), 4 survivors (4096K)
 Metaspace       used 20755K, capacity 21160K, committed 21296K, reserved 1067008K
  class space    used 2656K, capacity 2874K, committed 2944K, reserved 1048576K
}
Event: 5.370 GC heap after
{Heap after GC invocations=4 (full 0):
 garbage-first heap   total 262144K, used 52606K [0x00000000c0000000, 0x0000000100000000)
  region size 1024K, 4 young (4096K), 4 survivors (4096K)
 Metaspace       used 20755K, capacity 21160K, committed 21296K, reserved 1067008K
  class space    used 2656K, capacity 2874K, committed 2944K, reserved 1048576K
}
Event: 8.809 GC heap before
{Heap before GC invocations=5 (full 0):
 garbage-first heap   total 262144K, used 110974K [0x00000000c0000000, 0x0000000100000000)
  region size 1024K, 61 young (62464K), 4 survivors (4096K)
 Metaspace       used 29683K, capacity 30463K, committed 30768K, reserved 1075200K
  class space    used 3958K, capacity 4376K, committed 4480K, reserved 1048576K
}
Event: 8.848 GC heap after
{Heap after GC invocations=6 (full 0):
 garbage-first heap   total 262144K, used 54354K [0x00000000c0000000, 0x0000000100000000)
  region size 1024K, 6 young (6144K), 6 survivors (6144K)
 Metaspace       used 29683K, capacity 30463K, committed 30768K, reserved 1075200K
  class space    used 3958K, capacity 4376K, committed 4480K, reserved 1048576K
}
Event: 11.211 GC heap before
{Heap before GC invocations=6 (full 0):
 garbage-first heap   total 262144K, used 92242K [0x00000000c0000000, 0x0000000100000000)
  region size 1024K, 44 young (45056K), 6 survivors (6144K)
 Metaspace       used 34868K, capacity 35822K, committed 35888K, reserved 1079296K
  class space    used 4675K, capacity 5203K, committed 5248K, reserved 1048576K
}
Event: 11.217 GC heap after
{Heap after GC invocations=7 (full 0):
 garbage-first heap   total 262144K, used 55576K [0x00000000c0000000, 0x0000000100000000)
  region size 1024K, 7 young (7168K), 7 survivors (7168K)
 Metaspace       used 34868K, capacity 35822K, committed 35888K, reserved 1079296K
  class space    used 4675K, capacity 5203K, committed 5248K, reserved 1048576K
}

