# JRE version: Java(TM) SE Runtime Environment 18.9 (11.0.15+8) (build 11.0.15+8-LTS-149)
# Java VM: Java HotSpot(TM) 64-Bit Server VM 18.9 (11.0.15+8-LTS-149, mixed mode, tiered, compressed oops, g1 gc, windows-amd64)
Heap:
 garbage-first heap   total 262144K, used 208536K [0x00000000c0000000, 0x0000000100000000)
  region size 1024K, 108 young (110592K), 12 survivors (12288K)
 Metaspace       used 103889K, capacity 108785K, committed 109104K, reserved 1140736K
  class space    used 14908K, capacity 17424K, committed 17536K, reserved 1048576K
GC Heap History (10 events):
Event: 10.314 GC heap before
{Heap before GC invocations=8 (full 0):
 garbage-first heap   total 262144K, used 153138K [0x00000000c0000000, 0x0000000100000000)
  region size 1024K, 121 young (123904K), 8 survivors (8192K)
 Metaspace       used 50530K, capacity 52184K, committed 52272K, reserved 1093632K
  class space    used 6711K, capacity 7551K, committed 7552K, reserved 1048576K
}
Event: 10.322 GC heap after
{Heap after GC invocations=9 (full 0):
 garbage-first heap   total 262144K, used 42482K [0x00000000c0000000, 0x0000000100000000)
  region size 1024K, 12 young (12288K), 12 survivors (12288K)
 Metaspace       used 50530K, capacity 52184K, committed 52272K, reserved 1093632K
  class space    used 6711K, capacity 7551K, committed 7552K, reserved 1048576K
}
Event: 11.931 GC heap before
{Heap before GC invocations=9 (full 0):
 garbage-first heap   total 262144K, used 111090K [0x00000000c0000000, 0x0000000100000000)
  region size 1024K, 81 young (82944K), 12 survivors (12288K)
 Metaspace       used 58434K, capacity 60067K, committed 60208K, reserved 1101824K
  class space    used 7640K, capacity 8521K, committed 8576K, reserved 1048576K
}
Event: 11.939 GC heap after
{Heap after GC invocations=10 (full 0):
 garbage-first heap   total 262144K, used 44607K [0x00000000c0000000, 0x0000000100000000)
  region size 1024K, 11 young (11264K), 11 survivors (11264K)
 Metaspace       used 58434K, capacity 60067K, committed 60208K, reserved 1101824K
  class space    used 7640K, capacity 8521K, committed 8576K, reserved 1048576K
}
Event: 14.888 GC heap before
{Heap before GC invocations=11 (full 0):
 garbage-first heap   total 262144K, used 161343K [0x00000000c0000000, 0x0000000100000000)
  region size 1024K, 126 young (129024K), 11 survivors (11264K)
 Metaspace       used 72369K, capacity 74545K, committed 74672K, reserved 1114112K
  class space    used 9530K, capacity 10653K, committed 10752K, reserved 1048576K
}
Event: 14.895 GC heap after
{Heap after GC invocations=12 (full 0):
 garbage-first heap   total 262144K, used 46723K [0x00000000c0000000, 0x0000000100000000)
  region size 1024K, 10 young (10240K), 10 survivors (10240K)
 Metaspace       used 72369K, capacity 74545K, committed 74672K, reserved 1114112K
  class space    used 9530K, capacity 10653K, committed 10752K, reserved 1048576K
}
Event: 17.987 GC heap before
{Heap before GC invocations=12 (full 0):
 garbage-first heap   total 262144K, used 177795K [0x00000000c0000000, 0x0000000100000000)
  region size 1024K, 138 young (141312K), 10 survivors (10240K)
 Metaspace       used 87726K, capacity 90788K, committed 90928K, reserved 1126400K
  class space    used 12035K, capacity 13666K, committed 13696K, reserved 1048576K
}
Event: 17.996 GC heap after
{Heap after GC invocations=13 (full 0):
 garbage-first heap   total 262144K, used 50516K [0x00000000c0000000, 0x0000000100000000)
  region size 1024K, 13 young (13312K), 13 survivors (13312K)
 Metaspace       used 87726K, capacity 90788K, committed 90928K, reserved 1126400K
  class space    used 12035K, capacity 13666K, committed 13696K, reserved 1048576K
}
Event: 19.605 GC heap before
{Heap before GC invocations=13 (full 0):
 garbage-first heap   total 262144K, used 117076K [0x00000000c0000000, 0x0000000100000000)
  region size 1024K, 75 young (76800K), 13 survivors (13312K)
 Metaspace       used 97047K, capacity 100604K, committed 100776K, reserved 1134592K
  class space    used 13528K, capacity 15406K, committed 15488K, reserved 1048576K
}
Event: 19.618 GC heap after
{Heap after GC invocations=14 (full 0):
 garbage-first heap   total 262144K, used 53912K [0x00000000c0000000, 0x0000000100000000)
  region size 1024K, 12 young (12288K), 12 survivors (12288K)
 Metaspace       used 97047K, capacity 100604K, committed 100776K, reserved 1134592K
  class space    used 13528K, capacity 15406K, committed 15488K, reserved 1048576K
}

