# JRE version: Java(TM) SE Runtime Environment 18.9 (11.0.15+8) (build 11.0.15+8-LTS-149)
# Java VM: Java HotSpot(TM) 64-Bit Server VM 18.9 (11.0.15+8-LTS-149, mixed mode, tiered, compressed oops, g1 gc, windows-amd64)
Heap:
 garbage-first heap   total 262144K, used 70064K [0x00000000c0000000, 0x0000000100000000)
  region size 1024K, 40 young (40960K), 7 survivors (7168K)
 Metaspace       used 39121K, capacity 40245K, committed 40368K, reserved 1083392K
  class space    used 5289K, capacity 5886K, committed 5888K, reserved 1048576K
GC Heap History (10 events):
Event: 1.719 GC heap before
{Heap before GC invocations=1 (full 0):
 garbage-first heap   total 262144K, used 45146K [0x00000000c0000000, 0x0000000100000000)
  region size 1024K, 19 young (19456K), 3 survivors (3072K)
 Metaspace       used 10127K, capacity 10303K, committed 10368K, reserved 1058816K
  class space    used 1058K, capacity 1117K, committed 1152K, reserved 1048576K
}
Event: 1.722 GC heap after
{Heap after GC invocations=2 (full 0):
 garbage-first heap   total 262144K, used 30826K [0x00000000c0000000, 0x0000000100000000)
  region size 1024K, 1 young (1024K), 1 survivors (1024K)
 Metaspace       used 10127K, capacity 10303K, committed 10368K, reserved 1058816K
  class space    used 1058K, capacity 1117K, committed 1152K, reserved 1048576K
}
Event: 2.962 GC heap before
{Heap before GC invocations=2 (full 0):
 garbage-first heap   total 262144K, used 67690K [0x00000000c0000000, 0x0000000100000000)
  region size 1024K, 37 young (37888K), 1 survivors (1024K)
 Metaspace       used 19150K, capacity 19598K, committed 19840K, reserved 1067008K
  class space    used 2474K, capacity 2658K, committed 2688K, reserved 1048576K
}
Event: 2.967 GC heap after
{Heap after GC invocations=3 (full 0):
 garbage-first heap   total 262144K, used 33734K [0x00000000c0000000, 0x0000000100000000)
  region size 1024K, 4 young (4096K), 4 survivors (4096K)
 Metaspace       used 19150K, capacity 19598K, committed 19840K, reserved 1067008K
  class space    used 2474K, capacity 2658K, committed 2688K, reserved 1048576K
}
Event: 3.624 GC heap before
{Heap before GC invocations=3 (full 0):
 garbage-first heap   total 262144K, used 41926K [0x00000000c0000000, 0x0000000100000000)
  region size 1024K, 13 young (13312K), 4 survivors (4096K)
 Metaspace       used 20759K, capacity 21160K, committed 21296K, reserved 1067008K
  class space    used 2655K, capacity 2874K, committed 2944K, reserved 1048576K
}
Event: 3.631 GC heap after
{Heap after GC invocations=4 (full 0):
 garbage-first heap   total 262144K, used 34137K [0x00000000c0000000, 0x0000000100000000)
  region size 1024K, 4 young (4096K), 4 survivors (4096K)
 Metaspace       used 20759K, capacity 21160K, committed 21296K, reserved 1067008K
  class space    used 2655K, capacity 2874K, committed 2944K, reserved 1048576K
}
Event: 5.310 GC heap before
{Heap before GC invocations=5 (full 0):
 garbage-first heap   total 262144K, used 93529K [0x00000000c0000000, 0x0000000100000000)
  region size 1024K, 62 young (63488K), 4 survivors (4096K)
 Metaspace       used 29757K, capacity 30527K, committed 30768K, reserved 1075200K
  class space    used 3971K, capacity 4376K, committed 4480K, reserved 1048576K
}
Event: 5.318 GC heap after
{Heap after GC invocations=6 (full 0):
 garbage-first heap   total 262144K, used 36338K [0x00000000c0000000, 0x0000000100000000)
  region size 1024K, 6 young (6144K), 6 survivors (6144K)
 Metaspace       used 29757K, capacity 30527K, committed 30768K, reserved 1075200K
  class space    used 3971K, capacity 4376K, committed 4480K, reserved 1048576K
}
Event: 7.220 GC heap before
{Heap before GC invocations=6 (full 0):
 garbage-first heap   total 262144K, used 75250K [0x00000000c0000000, 0x0000000100000000)
  region size 1024K, 45 young (46080K), 6 survivors (6144K)
 Metaspace       used 34869K, capacity 35822K, committed 35888K, reserved 1079296K
  class space    used 4678K, capacity 5203K, committed 5248K, reserved 1048576K
}
Event: 7.227 GC heap after
{Heap after GC invocations=7 (full 0):
 garbage-first heap   total 262144K, used 37296K [0x00000000c0000000, 0x0000000100000000)
  region size 1024K, 7 young (7168K), 7 survivors (7168K)
 Metaspace       used 34869K, capacity 35822K, committed 35888K, reserved 1079296K
  class space    used 4678K, capacity 5203K, committed 5248K, reserved 1048576K
}

