# JRE version: Java(TM) SE Runtime Environment 18.9 (11.0.15+8) (build 11.0.15+8-LTS-149)
# Java VM: Java HotSpot(TM) 64-Bit Server VM 18.9 (11.0.15+8-LTS-149, mixed mode, tiered, compressed oops, g1 gc, windows-amd64)
Heap:
 garbage-first heap   total 262144K, used 39707K [0x00000000c0000000, 0x0000000100000000)
  region size 1024K, 11 young (11264K), 7 survivors (7168K)
 Metaspace       used 30108K, capacity 30934K, committed 31024K, reserved 1075200K
  class space    used 4022K, capacity 4474K, committed 4480K, reserved 1048576K
GC Heap History (10 events):
Event: 0.632 GC heap before
{Heap before GC invocations=0 (full 0):
 garbage-first heap   total 262144K, used 37888K [0x00000000c0000000, 0x0000000100000000)
  region size 1024K, 24 young (24576K), 0 survivors (0K)
 Metaspace       used 6084K, capacity 6148K, committed 6400K, reserved 1056768K
  class space    used 472K, capacity 496K, committed 512K, reserved 1048576K
}
Event: 0.648 GC heap after
{Heap after GC invocations=1 (full 0):
 garbage-first heap   total 262144K, used 30515K [0x00000000c0000000, 0x0000000100000000)
  region size 1024K, 3 young (3072K), 3 survivors (3072K)
 Metaspace       used 6084K, capacity 6148K, committed 6400K, reserved 1056768K
  class space    used 472K, capacity 496K, committed 512K, reserved 1048576K
}
Event: 1.393 GC heap before
{Heap before GC invocations=1 (full 0):
 garbage-first heap   total 262144K, used 45875K [0x00000000c0000000, 0x0000000100000000)
  region size 1024K, 18 young (18432K), 3 survivors (3072K)
 Metaspace       used 10158K, capacity 10335K, committed 10368K, reserved 1058816K
  class space    used 1093K, capacity 1149K, committed 1152K, reserved 1048576K
}
Event: 1.395 GC heap after
{Heap after GC invocations=2 (full 0):
 garbage-first heap   total 262144K, used 31177K [0x00000000c0000000, 0x0000000100000000)
  region size 1024K, 1 young (1024K), 1 survivors (1024K)
 Metaspace       used 10158K, capacity 10335K, committed 10368K, reserved 1058816K
  class space    used 1093K, capacity 1149K, committed 1152K, reserved 1048576K
}
Event: 4.830 GC heap before
{Heap before GC invocations=2 (full 0):
 garbage-first heap   total 262144K, used 68041K [0x00000000c0000000, 0x0000000100000000)
  region size 1024K, 37 young (37888K), 1 survivors (1024K)
 Metaspace       used 19147K, capacity 19534K, committed 19584K, reserved 1067008K
  class space    used 2475K, capacity 2658K, committed 2688K, reserved 1048576K
}
Event: 4.833 GC heap after
{Heap after GC invocations=3 (full 0):
 garbage-first heap   total 262144K, used 34220K [0x00000000c0000000, 0x0000000100000000)
  region size 1024K, 4 young (4096K), 4 survivors (4096K)
 Metaspace       used 19147K, capacity 19534K, committed 19584K, reserved 1067008K
  class space    used 2475K, capacity 2658K, committed 2688K, reserved 1048576K
}
Event: 5.438 GC heap before
{Heap before GC invocations=3 (full 0):
 garbage-first heap   total 262144K, used 42412K [0x00000000c0000000, 0x0000000100000000)
  region size 1024K, 13 young (13312K), 4 survivors (4096K)
 Metaspace       used 20760K, capacity 21160K, committed 21296K, reserved 1067008K
  class space    used 2654K, capacity 2874K, committed 2944K, reserved 1048576K
}
Event: 5.443 GC heap after
{Heap after GC invocations=4 (full 0):
 garbage-first heap   total 262144K, used 34430K [0x00000000c0000000, 0x0000000100000000)
  region size 1024K, 4 young (4096K), 4 survivors (4096K)
 Metaspace       used 20760K, capacity 21160K, committed 21296K, reserved 1067008K
  class space    used 2654K, capacity 2874K, committed 2944K, reserved 1048576K
}
Event: 7.749 GC heap before
{Heap before GC invocations=5 (full 0):
 garbage-first heap   total 262144K, used 93822K [0x00000000c0000000, 0x0000000100000000)
  region size 1024K, 62 young (63488K), 4 survivors (4096K)
 Metaspace       used 29665K, capacity 30463K, committed 30768K, reserved 1075200K
  class space    used 3957K, capacity 4376K, committed 4480K, reserved 1048576K
}
Event: 7.754 GC heap after
{Heap after GC invocations=6 (full 0):
 garbage-first heap   total 262144K, used 36635K [0x00000000c0000000, 0x0000000100000000)
  region size 1024K, 7 young (7168K), 7 survivors (7168K)
 Metaspace       used 29665K, capacity 30463K, committed 30768K, reserved 1075200K
  class space    used 3957K, capacity 4376K, committed 4480K, reserved 1048576K
}

